<?xml version="1.0" encoding="UTF-8"?>
<!-- Generated by org.testng.reporters.JUnitReportReporter -->
<testsuite hostname="DESKTOP-4I6H6P7" failures="0" tests="1" name="Utilities.configFile" time="0.062" errors="0" timestamp="2022-04-22T11:13:44 EDT" skipped="0">
  <testcase classname="Utilities.configFile" name="ReadFromConfigFile" time="0.062"/>
  <system-out/>
</testsuite> <!-- Utilities.configFile -->
