<?xml version="1.0" encoding="UTF-8"?>
<!-- Generated by org.testng.reporters.JUnitReportReporter -->
<testsuite hostname="DESKTOP-4I6H6P7" failures="0" tests="7" name="TestCases.Jobs_PUT_already_existing_Request" time="12.941" errors="0" timestamp="2022-05-13T12:59:09 EDT" skipped="0">
  <testcase classname="TestCases.Jobs_PUT_already_existing_Request" name="PutJobsApi" time="2.217"/>
  <system-out/>
  <testcase classname="TestCases.Jobs_PUT_already_existing_Request" name="PutJobsApi" time="2.222"/>
  <system-out/>
  <testcase classname="TestCases.Jobs_PUT_already_existing_Request" name="PutJobsApi" time="2.204"/>
  <system-out/>
  <testcase classname="TestCases.Jobs_PUT_already_existing_Request" name="PutJobsApi" time="2.180"/>
  <system-out/>
  <testcase classname="TestCases.Jobs_PUT_already_existing_Request" name="PutJobsApi" time="4.111"/>
  <system-out/>
  <testcase classname="TestCases.Jobs_PUT_already_existing_Request" name="ValidateStatusCode" time="0.003"/>
  <system-out/>
  <testcase classname="TestCases.Jobs_PUT_already_existing_Request" name="ValidateStatusLine" time="0.004"/>
  <system-out/>
</testsuite> <!-- TestCases.Jobs_PUT_already_existing_Request -->
