<?xml version="1.0" encoding="UTF-8"?>
<!-- Generated by org.testng.reporters.JUnitReportReporter -->
<testsuite hostname="DESKTOP-4I6H6P7" failures="0" tests="8" name="TestCases.Jobs_PUT_non_existing_record_Request" time="10.894" errors="0" timestamp="2022-05-20T11:29:06 EDT" skipped="0">
  <testcase classname="TestCases.Jobs_PUT_non_existing_record_Request" name="PutJobsApi" time="2.172"/>
  <system-out/>
  <testcase classname="TestCases.Jobs_PUT_non_existing_record_Request" name="PutJobsApi" time="2.169"/>
  <system-out/>
  <testcase classname="TestCases.Jobs_PUT_non_existing_record_Request" name="PutJobsApi" time="2.167"/>
  <system-out/>
  <testcase classname="TestCases.Jobs_PUT_non_existing_record_Request" name="PutJobsApi" time="2.170"/>
  <system-out/>
  <testcase classname="TestCases.Jobs_PUT_non_existing_record_Request" name="PutJobsApi" time="2.205"/>
  <system-out/>
  <testcase classname="TestCases.Jobs_PUT_non_existing_record_Request" name="ValidateStatusCode" time="0.003"/>
  <system-out/>
  <testcase classname="TestCases.Jobs_PUT_non_existing_record_Request" name="ValidateStatusLine" time="0.003"/>
  <system-out/>
  <testcase classname="TestCases.Jobs_PUT_non_existing_record_Request" name="ValidateJsonSchemaValidation" time="0.005"/>
  <system-out/>
</testsuite> <!-- TestCases.Jobs_PUT_non_existing_record_Request -->
