<?xml version="1.0" encoding="UTF-8"?>
<!-- Generated by org.testng.reporters.JUnitReportReporter -->
<testsuite hostname="DESKTOP-4I6H6P7" failures="0" tests="7" name="TestCases.PostRequest" time="13.659" errors="0" timestamp="2022-05-10T11:19:49 EDT" skipped="0">
  <testcase classname="TestCases.PostRequest" name="ValidateJsonSchemaValidation" time="1.334"/>
  <system-out/>
  <testcase classname="TestCases.PostRequest" name="PostJobsApi" time="3.467"/>
  <system-out/>
  <testcase classname="TestCases.PostRequest" name="PostJobsApi" time="2.245"/>
  <system-out/>
  <testcase classname="TestCases.PostRequest" name="PostJobsApi" time="2.232"/>
  <system-out/>
  <testcase classname="TestCases.PostRequest" name="PostJobsApi" time="2.185"/>
  <system-out/>
  <testcase classname="TestCases.PostRequest" name="PostJobsApi" time="2.192"/>
  <system-out/>
  <testcase classname="TestCases.PostRequest" name="ValidateStatusCode" time="0.004"/>
  <system-out/>
</testsuite> <!-- TestCases.PostRequest -->
