<?xml version="1.0" encoding="UTF-8"?>
<!-- Generated by org.testng.reporters.JUnitReportReporter -->
<testsuite hostname="DESKTOP-4I6H6P7" failures="0" tests="5" name="TestCases.GetRequest" time="2.258" errors="0" timestamp="2022-04-27T15:45:23 EDT" skipped="0">
  <testcase classname="TestCases.GetRequest" name="CheckResponseBody" time="0.097"/>
  <system-out/>
  <testcase classname="TestCases.GetRequest" name="ValidateStatusCode" time="0.004"/>
  <system-out/>
  <testcase classname="TestCases.GetRequest" name="ValidateHeadersConnection" time="0.010"/>
  <system-out/>
  <testcase classname="TestCases.GetRequest" name="ValidateStatusLine" time="0.004"/>
  <system-out/>
  <testcase classname="TestCases.GetRequest" name="ValidateJsonSchemaValidation" time="2.143"/>
  <system-out/>
</testsuite> <!-- TestCases.GetRequest -->
