<?xml version="1.0" encoding="UTF-8"?>
<!-- Generated by org.testng.reporters.JUnitReportReporter -->
<testsuite hostname="DESKTOP-4I6H6P7" failures="0" tests="7" name="TestCases.PutRequest" time="13.656" errors="0" timestamp="2022-05-10T11:23:38 EDT" skipped="0">
  <testcase classname="TestCases.PutRequest" name="ValidateJsonSchemaValidation" time="1.328"/>
  <system-out/>
  <testcase classname="TestCases.PutRequest" name="PostJobsApi" time="2.317"/>
  <system-out/>
  <testcase classname="TestCases.PutRequest" name="PostJobsApi" time="3.440"/>
  <system-out/>
  <testcase classname="TestCases.PutRequest" name="PostJobsApi" time="2.180"/>
  <system-out/>
  <testcase classname="TestCases.PutRequest" name="PostJobsApi" time="2.196"/>
  <system-out/>
  <testcase classname="TestCases.PutRequest" name="PostJobsApi" time="2.192"/>
  <system-out/>
  <testcase classname="TestCases.PutRequest" name="ValidateStatusCode" time="0.003"/>
  <system-out/>
</testsuite> <!-- TestCases.PutRequest -->
