<?xml version="1.0" encoding="UTF-8"?>
<!-- Generated by org.testng.reporters.JUnitReportReporter -->
<testsuite hostname="DESKTOP-4I6H6P7" failures="0" tests="5" name="TestCases.Jobs_DELETE_already_deleted_record_Request" time="0.373" errors="0" timestamp="2022-05-20T11:29:06 EDT" skipped="0">
  <testcase classname="TestCases.Jobs_DELETE_already_deleted_record_Request" name="DeleteJobsApi" time="0.185"/>
  <system-out/>
  <testcase classname="TestCases.Jobs_DELETE_already_deleted_record_Request" name="DeleteJobsApi" time="0.174"/>
  <system-out/>
  <testcase classname="TestCases.Jobs_DELETE_already_deleted_record_Request" name="ValidateStatusCode" time="0.003"/>
  <system-out/>
  <testcase classname="TestCases.Jobs_DELETE_already_deleted_record_Request" name="ValidateStatusLine" time="0.003"/>
  <system-out/>
  <testcase classname="TestCases.Jobs_DELETE_already_deleted_record_Request" name="ValidateJsonSchemaValidation" time="0.008"/>
  <system-out/>
</testsuite> <!-- TestCases.Jobs_DELETE_already_deleted_record_Request -->
