<?xml version="1.0" encoding="UTF-8"?>
<!-- Generated by org.testng.reporters.JUnitReportReporter -->
<testsuite hostname="DESKTOP-4I6H6P7" failures="0" tests="7" name="TestCases.Jobs_PUT_Request" time="8.822" errors="0" timestamp="2022-05-20T11:29:06 EDT" skipped="0">
  <testcase classname="TestCases.Jobs_PUT_Request" name="PutJobsApi" time="2.190"/>
  <system-out/>
  <testcase classname="TestCases.Jobs_PUT_Request" name="PutJobsApi" time="2.218"/>
  <system-out/>
  <testcase classname="TestCases.Jobs_PUT_Request" name="PutJobsApi" time="2.204"/>
  <system-out/>
  <testcase classname="TestCases.Jobs_PUT_Request" name="PutJobsApi" time="2.186"/>
  <system-out/>
  <testcase classname="TestCases.Jobs_PUT_Request" name="ValidateStatusCode" time="0.003"/>
  <system-out/>
  <testcase classname="TestCases.Jobs_PUT_Request" name="ValidateStatusLine" time="0.003"/>
  <system-out/>
  <testcase classname="TestCases.Jobs_PUT_Request" name="ValidateJsonSchemaValidation" time="0.018"/>
  <system-out/>
</testsuite> <!-- TestCases.Jobs_PUT_Request -->
