<?xml version="1.0" encoding="UTF-8"?>
<!-- Generated by org.testng.reporters.JUnitReportReporter -->
<testsuite hostname="DESKTOP-4I6H6P7" failures="0" tests="5" name="TestCases.Jobs_GET_Request" time="0.029" errors="0" timestamp="2022-05-20T11:29:06 EDT" skipped="0">
  <testcase classname="TestCases.Jobs_GET_Request" name="ValidateJsonSchemaValidation" time="0.013"/>
  <system-out/>
  <testcase classname="TestCases.Jobs_GET_Request" name="CheckResponseBody" time="0.006"/>
  <system-out/>
  <testcase classname="TestCases.Jobs_GET_Request" name="ValidateStatusCode" time="0.003"/>
  <system-out/>
  <testcase classname="TestCases.Jobs_GET_Request" name="ValidateHeadersConnection" time="0.004"/>
  <system-out/>
  <testcase classname="TestCases.Jobs_GET_Request" name="ValidateStatusLine" time="0.003"/>
  <system-out/>
</testsuite> <!-- TestCases.Jobs_GET_Request -->
