<?xml version="1.0" encoding="UTF-8"?>
<!-- Generated by org.testng.reporters.JUnitReportReporter -->
<testsuite hostname="DESKTOP-4I6H6P7" failures="0" tests="7" name="TestCases.Jobs_POST_Request" time="3.415" errors="0" timestamp="2022-05-20T11:29:06 EDT" skipped="0">
  <testcase classname="TestCases.Jobs_POST_Request" name="PostJobsApi" time="0.197"/>
  <system-out/>
  <testcase classname="TestCases.Jobs_POST_Request" name="PostJobsApi" time="2.130"/>
  <system-out/>
  <testcase classname="TestCases.Jobs_POST_Request" name="PostJobsApi" time="0.204"/>
  <system-out/>
  <testcase classname="TestCases.Jobs_POST_Request" name="PostJobsApi" time="0.176"/>
  <system-out/>
  <testcase classname="TestCases.Jobs_POST_Request" name="ValidateStatusCode" time="0.004"/>
  <system-out/>
  <testcase classname="TestCases.Jobs_POST_Request" name="ValidateStatusLine" time="0.004"/>
  <system-out/>
  <testcase classname="TestCases.Jobs_POST_Request" name="ValidateJsonSchemaValidation" time="0.700"/>
  <system-out/>
</testsuite> <!-- TestCases.Jobs_POST_Request -->
