<?xml version="1.0" encoding="UTF-8"?>
<!-- Generated by org.testng.reporters.JUnitReportReporter -->
<testsuite hostname="DESKTOP-4I6H6P7" failures="0" tests="4" name="TestCases.DeleteRequest" time="6.880" errors="0" timestamp="2022-05-10T11:25:07 EDT" skipped="0">
  <testcase classname="TestCases.DeleteRequest" name="ValidateJsonSchemaValidation" time="1.339"/>
  <system-out/>
  <testcase classname="TestCases.DeleteRequest" name="DeleteJobsApi" time="3.351"/>
  <system-out/>
  <testcase classname="TestCases.DeleteRequest" name="DeleteJobsApi" time="2.184"/>
  <system-out/>
  <testcase classname="TestCases.DeleteRequest" name="ValidateStatusCode" time="0.006"/>
  <system-out/>
</testsuite> <!-- TestCases.DeleteRequest -->
