<?xml version="1.0" encoding="UTF-8"?>
<!-- Generated by org.testng.reporters.JUnitReportReporter -->
<testsuite hostname="DESKTOP-4I6H6P7" failures="0" tests="7" name="TestCases.Jobs_DELETE_Request" time="0.742" errors="0" timestamp="2022-05-20T11:29:06 EDT" skipped="0">
  <testcase classname="TestCases.Jobs_DELETE_Request" name="DeleteJobsApi" time="0.169"/>
  <system-out/>
  <testcase classname="TestCases.Jobs_DELETE_Request" name="DeleteJobsApi" time="0.174"/>
  <system-out/>
  <testcase classname="TestCases.Jobs_DELETE_Request" name="DeleteJobsApi" time="0.167"/>
  <system-out/>
  <testcase classname="TestCases.Jobs_DELETE_Request" name="DeleteJobsApi" time="0.208"/>
  <system-out/>
  <testcase classname="TestCases.Jobs_DELETE_Request" name="ValidateStatusCode" time="0.004"/>
  <system-out/>
  <testcase classname="TestCases.Jobs_DELETE_Request" name="ValidateStatusLine" time="0.003"/>
  <system-out/>
  <testcase classname="TestCases.Jobs_DELETE_Request" name="ValidateJsonSchemaValidation" time="0.017"/>
  <system-out/>
</testsuite> <!-- TestCases.Jobs_DELETE_Request -->
